# JRE version: OpenJDK Runtime Environment (21.0.8) (build 21.0.8+-14196175-b1038.72)
# Java VM: OpenJDK 64-Bit Server VM (21.0.8+-14196175-b1038.72, mixed mode, tiered, compressed oops, compressed class ptrs, g1 gc, windows-amd64)
GC Precious Log:
 CardTable entry size: 512
 Card Set container configuration: InlinePtr #cards 5 size 8 Array Of Cards #cards 12 size 40 Howl #buckets 4 coarsen threshold 1843 Howl Bitmap #cards 512 size 80 coarsen threshold 460 Card regions per heap region 1 cards per card region 2048
 CPUs: 4 total, 4 available
 Memory: 8035M
 Large Page Support: Disabled
 NUMA Support: Disabled
 Compressed Oops: Enabled (32-bit)
 Heap Region Size: 1M
 Heap Min Capacity: 8M
 Heap Initial Capacity: 126M
 Heap Max Capacity: 2G
 Pre-touch: Disabled
 Parallel Workers: 4
 Concurrent Workers: 1
 Concurrent Refinement Workers: 4
 Periodic GC: Disabled
Heap:
 garbage-first heap   total 198656K, used 155440K [0x0000000080000000, 0x0000000100000000)
  region size 1024K, 38 young (38912K), 5 survivors (5120K)
 Metaspace       used 120628K, committed 123008K, reserved 1179648K
  class space    used 16864K, committed 17984K, reserved 1048576K
GC Heap History (20 events):
Event: 45.880 GC heap before
{Heap before GC invocations=37 (full 0):
 garbage-first heap   total 149504K, used 136085K [0x0000000080000000, 0x0000000100000000)
  region size 1024K, 51 young (52224K), 4 survivors (4096K)
 Metaspace       used 97308K, committed 99392K, reserved 1179648K
  class space    used 13585K, committed 14592K, reserved 1048576K
}
Event: 45.889 GC heap after
{Heap after GC invocations=38 (full 0):
 garbage-first heap   total 149504K, used 89763K [0x0000000080000000, 0x0000000100000000)
  region size 1024K, 2 young (2048K), 2 survivors (2048K)
 Metaspace       used 97308K, committed 99392K, reserved 1179648K
  class space    used 13585K, committed 14592K, reserved 1048576K
}
Event: 47.417 GC heap before
{Heap before GC invocations=39 (full 0):
 garbage-first heap   total 150528K, used 137891K [0x0000000080000000, 0x0000000100000000)
  region size 1024K, 49 young (50176K), 2 survivors (2048K)
 Metaspace       used 101052K, committed 103168K, reserved 1179648K
  class space    used 14257K, committed 15296K, reserved 1048576K
}
Event: 47.424 GC heap after
{Heap after GC invocations=40 (full 0):
 garbage-first heap   total 150528K, used 91736K [0x0000000080000000, 0x0000000100000000)
  region size 1024K, 4 young (4096K), 4 survivors (4096K)
 Metaspace       used 101052K, committed 103168K, reserved 1179648K
  class space    used 14257K, committed 15296K, reserved 1048576K
}
Event: 49.695 GC heap before
{Heap before GC invocations=40 (full 0):
 garbage-first heap   total 150528K, used 137816K [0x0000000080000000, 0x0000000100000000)
  region size 1024K, 49 young (50176K), 4 survivors (4096K)
 Metaspace       used 104645K, committed 106880K, reserved 1179648K
  class space    used 14785K, committed 15872K, reserved 1048576K
}
Event: 49.716 GC heap after
{Heap after GC invocations=41 (full 0):
 garbage-first heap   total 150528K, used 93148K [0x0000000080000000, 0x0000000100000000)
  region size 1024K, 7 young (7168K), 7 survivors (7168K)
 Metaspace       used 104645K, committed 106880K, reserved 1179648K
  class space    used 14785K, committed 15872K, reserved 1048576K
}
Event: 52.144 GC heap before
{Heap before GC invocations=41 (full 0):
 garbage-first heap   total 150528K, used 134108K [0x0000000080000000, 0x0000000100000000)
  region size 1024K, 47 young (48128K), 7 survivors (7168K)
 Metaspace       used 107961K, committed 110272K, reserved 1179648K
  class space    used 15303K, committed 16384K, reserved 1048576K
}
Event: 52.157 GC heap after
{Heap after GC invocations=42 (full 0):
 garbage-first heap   total 150528K, used 94960K [0x0000000080000000, 0x0000000100000000)
  region size 1024K, 5 young (5120K), 5 survivors (5120K)
 Metaspace       used 107961K, committed 110272K, reserved 1179648K
  class space    used 15303K, committed 16384K, reserved 1048576K
}
Event: 55.586 GC heap before
{Heap before GC invocations=43 (full 0):
 garbage-first heap   total 160768K, used 134896K [0x0000000080000000, 0x0000000100000000)
  region size 1024K, 44 young (45056K), 5 survivors (5120K)
 Metaspace       used 111201K, committed 113536K, reserved 1179648K
  class space    used 15747K, committed 16896K, reserved 1048576K
}
Event: 55.598 GC heap after
{Heap after GC invocations=44 (full 0):
 garbage-first heap   total 160768K, used 98162K [0x0000000080000000, 0x0000000100000000)
  region size 1024K, 5 young (5120K), 5 survivors (5120K)
 Metaspace       used 111201K, committed 113536K, reserved 1179648K
  class space    used 15747K, committed 16896K, reserved 1048576K
}
Event: 60.301 GC heap before
{Heap before GC invocations=44 (full 0):
 garbage-first heap   total 160768K, used 146290K [0x0000000080000000, 0x0000000100000000)
  region size 1024K, 52 young (53248K), 5 survivors (5120K)
 Metaspace       used 111910K, committed 114240K, reserved 1179648K
  class space    used 15827K, committed 16960K, reserved 1048576K
}
Event: 60.322 GC heap after
{Heap after GC invocations=45 (full 0):
 garbage-first heap   total 161792K, used 105725K [0x0000000080000000, 0x0000000100000000)
  region size 1024K, 7 young (7168K), 7 survivors (7168K)
 Metaspace       used 111910K, committed 114240K, reserved 1179648K
  class space    used 15827K, committed 16960K, reserved 1048576K
}
Event: 61.638 GC heap before
{Heap before GC invocations=45 (full 0):
 garbage-first heap   total 161792K, used 129277K [0x0000000080000000, 0x0000000100000000)
  region size 1024K, 32 young (32768K), 7 survivors (7168K)
 Metaspace       used 113295K, committed 115648K, reserved 1179648K
  class space    used 15920K, committed 17088K, reserved 1048576K
}
Event: 61.657 GC heap after
{Heap after GC invocations=46 (full 0):
 garbage-first heap   total 161792K, used 113151K [0x0000000080000000, 0x0000000100000000)
  region size 1024K, 6 young (6144K), 6 survivors (6144K)
 Metaspace       used 113295K, committed 115648K, reserved 1179648K
  class space    used 15920K, committed 17088K, reserved 1048576K
}
Event: 64.043 GC heap before
{Heap before GC invocations=47 (full 0):
 garbage-first heap   total 198656K, used 147967K [0x0000000080000000, 0x0000000100000000)
  region size 1024K, 36 young (36864K), 6 survivors (6144K)
 Metaspace       used 117960K, committed 120384K, reserved 1179648K
  class space    used 16566K, committed 17728K, reserved 1048576K
}
Event: 64.054 GC heap after
{Heap after GC invocations=48 (full 0):
 garbage-first heap   total 198656K, used 114644K [0x0000000080000000, 0x0000000100000000)
  region size 1024K, 2 young (2048K), 2 survivors (2048K)
 Metaspace       used 117960K, committed 120384K, reserved 1179648K
  class space    used 16566K, committed 17728K, reserved 1048576K
}
Event: 69.054 GC heap before
{Heap before GC invocations=48 (full 0):
 garbage-first heap   total 198656K, used 175060K [0x0000000080000000, 0x0000000100000000)
  region size 1024K, 62 young (63488K), 2 survivors (2048K)
 Metaspace       used 119288K, committed 121664K, reserved 1179648K
  class space    used 16692K, committed 17856K, reserved 1048576K
}
Event: 69.073 GC heap after
{Heap after GC invocations=49 (full 0):
 garbage-first heap   total 198656K, used 120569K [0x0000000080000000, 0x0000000100000000)
  region size 1024K, 8 young (8192K), 8 survivors (8192K)
 Metaspace       used 119288K, committed 121664K, reserved 1179648K
  class space    used 16692K, committed 17856K, reserved 1048576K
}
Event: 72.326 GC heap before
{Heap before GC invocations=49 (full 0):
 garbage-first heap   total 198656K, used 176889K [0x0000000080000000, 0x0000000100000000)
  region size 1024K, 64 young (65536K), 8 survivors (8192K)
 Metaspace       used 120492K, committed 122816K, reserved 1179648K
  class space    used 16845K, committed 17984K, reserved 1048576K
}
Event: 72.354 GC heap after
{Heap after GC invocations=50 (full 0):
 garbage-first heap   total 198656K, used 123696K [0x0000000080000000, 0x0000000100000000)
  region size 1024K, 5 young (5120K), 5 survivors (5120K)
 Metaspace       used 120492K, committed 122816K, reserved 1179648K
  class space    used 16845K, committed 17984K, reserved 1048576K
}

